<?xml version="1.0" encoding="UTF-8"?>
<!-- Generated by org.testng.reporters.JUnitXMLReporter -->
<testsuite ignored="0" hostname="MSI" failures="2" tests="6" name="ebay test" time="0.047" errors="0" timestamp="07 Jun 2023 06:01:00 GMT">
  <testcase classname="testttt.testpage" name="test1" time="0.012">
    <skipped/>
  </testcase> <!-- test1 -->
  <testcase classname="testttt.testpage" name="test1" time="0.001">
    <skipped/>
  </testcase> <!-- test1 -->
  <testcase classname="testttt.testpage" name="test1" time="0.001">
    <skipped/>
  </testcase> <!-- test1 -->
  <testcase classname="testttt.testpage" name="test1" time="0.001">
    <failure type="java.lang.AssertionError" message="expected [true] but found [false]">
      <![CDATA[java.lang.AssertionError: expected [true] but found [false]
	at testttt.testpage.test1(testpage.java:11)
... Removed 31 stack frames]]>
    </failure>
  </testcase> <!-- test1 -->
  <testcase classname="testttt.testpage" name="test2" time="0.0">
    <failure type="java.lang.AssertionError" message="expected [true] but found [false]">
      <![CDATA[java.lang.AssertionError: expected [true] but found [false]
	at testttt.testpage.test2(testpage.java:18)
... Removed 31 stack frames]]>
    </failure>
  </testcase> <!-- test2 -->
  <testcase classname="testttt.testpage" name="test3" time="0.001"/>
</testsuite> <!-- ebay test -->
